<?xml version="1.0" encoding="UTF-8"?>
<!-- Generated by org.testng.reporters.JUnitReportReporter -->
<testsuite skipped="0" hostname="DESKTOP-CP7TM19" name="Academy.Homepage" tests="1" failures="0" timestamp="29 May 2019 06:26:25 GMT" time="19.991" errors="0">
  <testcase name="basePageNavigation" time="19.991" classname="Academy.Homepage"/>
</testsuite> <!-- Academy.Homepage -->
