<?xml version="1.0" encoding="UTF-8"?>
<!-- Generated by org.testng.reporters.JUnitReportReporter -->
<testsuite skipped="0" hostname="DESKTOP-CP7TM19" name="Academy.validatePagetitleTest" tests="1" failures="0" timestamp="26 Jul 2019 09:07:59 GMT" time="0.060" errors="0">
  <testcase name="validateTitle" time="0.060" classname="Academy.validatePagetitleTest"/>
</testsuite> <!-- Academy.validatePagetitleTest -->
