<?xml version="1.0" encoding="UTF-8"?>
<!-- Generated by org.testng.reporters.JUnitReportReporter -->
<testsuite skipped="0" hostname="DESKTOP-CP7TM19" name="Academy.TC1_LoginpageTest_01" tests="1" failures="0" timestamp="07 Aug 2019 00:01:13 GMT" time="9.344" errors="0">
  <testcase name="Logintest" time="9.344" classname="Academy.TC1_LoginpageTest_01"/>
</testsuite> <!-- Academy.TC1_LoginpageTest_01 -->
