<?xml version="1.0" encoding="UTF-8"?>
<!-- Generated by org.testng.reporters.JUnitReportReporter -->
<testsuite skipped="0" hostname="DESKTOP-CP7TM19" name="Academy.TC1_LoginpageTest_01" tests="1" failures="0" timestamp="06 Aug 2019 15:38:59 GMT" time="12.703" errors="0">
  <testcase name="Logintest" time="12.703" classname="Academy.TC1_LoginpageTest_01"/>
</testsuite> <!-- Academy.TC1_LoginpageTest_01 -->
