<?xml version="1.0" encoding="UTF-8"?>
<!-- Generated by org.testng.reporters.JUnitReportReporter -->
<testsuite skipped="0" hostname="DESKTOP-CP7TM19" name="Academy.TC2_AddnewcustomerTest_02" tests="1" failures="0" timestamp="06 Aug 2019 15:38:59 GMT" time="19.633" errors="0">
  <testcase name="Addcustomer" time="19.633" classname="Academy.TC2_AddnewcustomerTest_02"/>
</testsuite> <!-- Academy.TC2_AddnewcustomerTest_02 -->
